Arguments: 
  C:\Program Files\nodejs\node.exe C:\Users\Filmo\AppData\Roaming\npm\node_modules\yarn\bin\yarn.js init

PATH: 
  C:\Users\Filmo\bin;C:\Program Files\Git\mingw64\bin;C:\Program Files\Git\usr\local\bin;C:\Program Files\Git\usr\bin;C:\Program Files\Git\usr\bin;C:\Program Files\Git\mingw64\bin;C:\Program Files\Git\usr\bin;C:\Users\Filmo\bin;C:\Program Files\PHP\v8.0;C:\WINDOWS\system32;C:\WINDOWS;C:\WINDOWS\System32\Wbem;C:\WINDOWS\System32\WindowsPowerShell\v1.0;C:\WINDOWS\System32\OpenSSH;C:\ProgramData\chocolatey\bin;C:\Program Files\Git\cmd;C:\Users\Filmo\AppData\Roaming\nvm;C:\wamp64\bin\php\php5.6.40;C:\composer;C:\Program Files\Microsoft\Web Platform Installer;C:\php;C:\Users\Filmo\AppData\Local\Microsoft\WindowsApps;C:\Users\Filmo\AppData\Local\Programs\Microsoft VS Code\bin;C:\Users\Filmo\AppData\Roaming\npm;C:\Users\Filmo\AppData\Local\Google\Cloud SDK\google-cloud-sdk\bin;C:\Users\Filmo\AppData\Roaming\Composer\vendor\bin;C:\Users\Filmo\AppData\Roaming\nvm;C:\Program Files\nodejs;C:\xampp\mysql\bin;C:\Users\Filmo\AppData\Roaming\npm;C:\Users\Filmo\AppData\Local\Yarn\bin;C:\Users\Filmo\AppData\Local\Yarn;C:\Program Files\nodejs;C:\Program Files\Docker\Docker\resources\bin;C:\ProgramData\DockerDesktop\version-bin;C:\Python27;C:\Users\Filmo\AppData\Local\Microsoft\WindowsApps;C:\Users\Filmo\AppData\Local\Programs\Microsoft VS Code\bin;C:\Users\Filmo\AppData\Roaming\Composer\vendor\bin;C:\Users\Filmo\AppData\Roaming\nvm;C:\Program Files\nodejs;C:\Users\Filmo\AppData\Local\Google\Cloud SDK\google-cloud-sdk\bin;C:\Users\Filmo\AppData\Roaming\npm;C:\Program Files\Git\usr\bin\vendor_perl;C:\Program Files\Git\usr\bin\core_perl

Yarn version: 
  1.22.17

Node version: 
  16.13.0

Platform: 
  win32 x64

Trace: 
  Error: canceled
      at Interface.<anonymous> (C:\Users\Filmo\AppData\Roaming\npm\node_modules\yarn\lib\cli.js:137143:13)
      at Interface.emit (node:events:390:28)
      at Interface._ttyWrite (node:readline:1081:16)
      at ReadStream.onkeypress (node:readline:288:10)
      at ReadStream.emit (node:events:390:28)
      at emitKeys (node:internal/readline/utils:358:14)
      at emitKeys.next (<anonymous>)
      at ReadStream.onData (node:internal/readline/emitKeypressEvents:61:36)
      at ReadStream.emit (node:events:390:28)
      at addChunk (node:internal/streams/readable:315:12)

npm manifest: 
  No manifest

yarn manifest: 
  No manifest

Lockfile: 
  No lockfile
